<?xml version="1.0" encoding="UTF-8"?>
<testng-results ignored="0" total="1" passed="1" failed="0" skipped="0">
  <reporter-output>
  </reporter-output>
  <suite started-at="2021-06-05T22:13:27 IST" name="Default suite" finished-at="2021-06-05T22:15:41 IST" duration-ms="134318">
    <groups>
    </groups>
    <test started-at="2021-06-05T22:13:27 IST" name="Default test" finished-at="2021-06-05T22:15:41 IST" duration-ms="134318">
      <class name="practice.Links">
        <test-method is-config="true" signature="start()[pri:0, instance:practice.Links@32b260fa]" started-at="2021-06-05T22:13:27 IST" name="start" finished-at="2021-06-05T22:13:30 IST" duration-ms="2871" status="PASS">
          <reporter-output>
          </reporter-output>
        </test-method> <!-- start -->
        <test-method signature="MultipleDD()[pri:0, instance:practice.Links@32b260fa]" started-at="2021-06-05T22:13:30 IST" name="MultipleDD" finished-at="2021-06-05T22:15:41 IST" duration-ms="130620" status="PASS">
          <reporter-output>
          </reporter-output>
        </test-method> <!-- MultipleDD -->
        <test-method is-config="true" signature="teardown()[pri:0, instance:practice.Links@32b260fa]" started-at="2021-06-05T22:15:41 IST" name="teardown" finished-at="2021-06-05T22:15:41 IST" duration-ms="758" status="PASS">
          <reporter-output>
          </reporter-output>
        </test-method> <!-- teardown -->
      </class> <!-- practice.Links -->
    </test> <!-- Default test -->
  </suite> <!-- Default suite -->
</testng-results>
