<?xml version="1.0" encoding="UTF-8"?>
<testng-results ignored="0" total="1" passed="1" failed="0" skipped="0">
  <reporter-output>
  </reporter-output>
  <suite started-at="2021-06-05T20:45:52 IST" name="Default suite" finished-at="2021-06-05T20:45:58 IST" duration-ms="5615">
    <groups>
    </groups>
    <test started-at="2021-06-05T20:45:52 IST" name="Default test" finished-at="2021-06-05T20:45:58 IST" duration-ms="5615">
      <class name="practice.cookies">
        <test-method is-config="true" signature="start()[pri:0, instance:practice.cookies@32b260fa]" started-at="2021-06-05T20:45:52 IST" name="start" finished-at="2021-06-05T20:45:55 IST" duration-ms="2528" status="PASS">
          <reporter-output>
          </reporter-output>
        </test-method> <!-- start -->
        <test-method signature="MultipleDD()[pri:0, instance:practice.cookies@32b260fa]" started-at="2021-06-05T20:45:55 IST" name="MultipleDD" finished-at="2021-06-05T20:45:57 IST" duration-ms="2241" status="PASS">
          <reporter-output>
          </reporter-output>
        </test-method> <!-- MultipleDD -->
        <test-method is-config="true" signature="teardown()[pri:0, instance:practice.cookies@32b260fa]" started-at="2021-06-05T20:45:57 IST" name="teardown" finished-at="2021-06-05T20:45:58 IST" duration-ms="784" status="PASS">
          <reporter-output>
          </reporter-output>
        </test-method> <!-- teardown -->
      </class> <!-- practice.cookies -->
    </test> <!-- Default test -->
  </suite> <!-- Default suite -->
</testng-results>
